root@b0949777dcfe:/workspace# bazel build //cmd/auth_server:authz_service
INFO: Analyzed target //cmd/auth_server:authz_service (0 packages loaded, 0 targets configured).
INFO: Found 1 target...
ERROR: /workspace/cmd/auth_server/BUILD.bazel:8:10: GoLink cmd/auth_server/authz_service_/authz_service failed: (Exit 1): builder failed: error executing command bazel-out/host/bin/external/go_sdk/builder link -sdk external/go_sdk -installsuffix linux_amd64 -arc ... (remaining 293 argument(s) skipped)

Use --sandbox_debug to see verbose messages from the sandbox builder failed: error executing command bazel-out/host/bin/external/go_sdk/builder link -sdk external/go_sdk -installsuffix linux_amd64 -arc ... (remaining 293 argument(s) skipped)

Use --sandbox_debug to see verbose messages from the sandbox
link: package conflict error: github.com/golang/protobuf/ptypes/any: multiple copies of package passed to linker:
        @com_github_golang_protobuf//ptypes/any:any
        @io_bazel_rules_go//proto/wkt:any_go_proto
Set "importmap" to different paths or use 'bazel cquery' to ensure only one
package with this path is linked.
Target //cmd/auth_server:authz_service failed to build
Use --verbose_failures to see the command lines of failed build steps.
INFO: Elapsed time: 0.549s, Critical Path: 0.10s
INFO: 2 processes: 2 internal.
FAILED: Build did NOT complete successfully

root@b0949777dcfe:/workspace# bazel cquery "somepath(//cmd/auth_server:authz_service, @com_github_golang_protobuf//ptypes/any:any)"
INFO: Analyzed 2 targets (181 packages loaded, 8679 targets configured).
INFO: Found 2 targets...
//cmd/auth_server:authz_service (2121f87)
//cmd/auth_server:go_default_library (2121f87)
//pkg/domains/iam/auth/v3:go_default_library (2121f87)
//api/v3:go_default_library (2121f87)
@com_github_envoyproxy_go_control_plane//envoy/config/core/v3:go_default_library (2121f87)
@com_github_envoyproxy_go_control_plane//envoy/config/core/v3:core (2121f87)
@com_github_golang_protobuf//ptypes/any:go_default_library (2121f87)
@com_github_golang_protobuf//ptypes/any:any (2121f87)
INFO: Elapsed time: 2.860s
INFO: 0 processes.
INFO: Build completed successfully, 0 total actions

root@b0949777dcfe:/workspace# bazel cquery "somepath(//cmd/auth_server:authz_service, @io_bazel_rules_go//proto/wkt:any_go_proto)"
INFO: Analyzed 2 targets (0 packages loaded, 0 targets configured).
INFO: Found 2 targets...
//cmd/auth_server:authz_service (2121f87)
//cmd/auth_server:go_default_library (2121f87)
//pkg/domains/iam/auth/v3:go_default_library (2121f87)
//api/v3:go_default_library (2121f87)
@com_github_envoyproxy_go_control_plane//envoy/config/core/v3:go_default_library (2121f87)
@com_github_envoyproxy_go_control_plane//envoy/config/core/v3:core (2121f87)
@com_github_envoyproxy_protoc_gen_validate//validate:go_default_library (2121f87)
@io_bazel_rules_go//proto:go_proto (2121f87)
@io_bazel_rules_go//proto/wkt:any_go_proto (2121f87)
INFO: Elapsed time: 0.279s
INFO: 0 processes.
INFO: Build completed successfully, 0 total actions
root@b0949777dcfe:/workspace# 
